<?xml version="1.0" encoding="UTF-8"?>
<!-- Generated by org.testng.reporters.JUnitXMLReporter -->
<testsuite ignored="0" hostname="DESKTOP-67CE6I4" failures="1" tests="1" name="opencartTest(failed)" time="18.684" errors="0" timestamp="2022-11-15T12:43:27 IST">
  <testcase classname="testCases.TC_002_LoginTest" name="test_login" time="11.451">
    <failure type="java.lang.AssertionError" message="expected [true] but found [false]">
      <![CDATA[java.lang.AssertionError: expected [true] but found [false]
at testCases.TC_002_LoginTest.test_login(TC_002_LoginTest.java:29)
at java.base/java.util.ArrayList.forEach(ArrayList.java:1511)
... Removed 33 stack frames]]>
    </failure>
  </testcase> <!-- test_login -->
</testsuite> <!-- opencartTest(failed) -->
